<?xml version="1.0" encoding="UTF-8"?>
<!-- Generated by org.testng.reporters.JUnitReportReporter -->
<testsuite name="com.mytime.testsuite.MyTeamManageAccounts" tests="1" time="33.624" ignored="0" failures="0" timestamp="28 Sep 2018 09:18:25 GMT" skipped="0" hostname="DESKTOP-OAN6F8S" errors="0">
  <testcase name="tc003_VerifyAccountNameError_Please_enter_the_account_Name" time="33.624" classname="com.mytime.testsuite.MyTeamManageAccounts"/>
</testsuite> <!-- com.mytime.testsuite.MyTeamManageAccounts -->
